<?xml version="1.0" encoding="UTF-8"?>
<!-- Generated by org.testng.reporters.JUnitReportReporter -->
<testsuite hostname="testing-worker-linux-docker-90f3cebf-3846-linux-10" name="demo.LoginTest" tests="1" failures="0" timestamp="28 Apr 2015 11:52:18 GMT" time="14.812" errors="0">
  <testcase name="loginTest" time="14.812" classname="demo.LoginTest"/>
</testsuite> <!-- demo.LoginTest -->
