<?xml version="1.0" encoding="UTF-8"?>
<!-- Generated by org.testng.reporters.JUnitReportReporter -->
<testsuite hostname="rtCamp" name="demo.LoginTest" tests="1" failures="0" timestamp="28 Apr 2015 06:28:31 GMT" time="12.587" errors="0">
  <testcase name="loginTest" time="12.587" classname="demo.LoginTest"/>
</testsuite> <!-- demo.LoginTest -->
